TN:
SF:src/domain/common/helpers/unique-id-generator.ts
FN:5,uniqueEntityIdGenerator
FNF:1
FNH:1
FNDA:1,uniqueEntityIdGenerator
DA:1,1
DA:2,1
DA:3,1
DA:4,1
DA:5,1
DA:6,1
DA:7,1
LF:7
LH:7
BRDA:5,0,0,1
BRF:1
BRH:1
end_of_record
TN:
SF:src/domain/entities/entity.ts
FN:8,Entity
FN:13,get id
FN:17,set id
FN:21,get value
FN:25,set value
FN:29,tostring
FNF:6
FNH:2
FNDA:4,Entity
FNDA:0,get id
FNDA:0,set id
FNDA:8,get value
FNDA:0,set value
FNDA:0,tostring
DA:1,1
DA:2,1
DA:3,1
DA:4,1
DA:5,1
DA:6,1
DA:7,1
DA:8,1
DA:9,4
DA:10,4
DA:11,4
DA:12,1
DA:13,1
DA:14,0
DA:15,0
DA:16,1
DA:17,1
DA:18,0
DA:19,0
DA:20,1
DA:21,1
DA:22,8
DA:23,8
DA:24,1
DA:25,1
DA:26,0
DA:27,0
DA:28,1
DA:29,1
DA:30,0
DA:31,0
DA:32,1
LF:32
LH:24
BRDA:8,0,0,4
BRDA:21,1,0,8
BRF:2
BRH:2
end_of_record
TN:
SF:src/domain/entities/order.ts
FN:7,Order
FN:11,build
FN:23,addProduct
FN:27,calculateTotal
FN:31,validate
FNF:5
FNH:5
FNDA:1,Order
FNDA:1,build
FNDA:3,addProduct
FNDA:1,calculateTotal
FNDA:1,validate
DA:1,1
DA:2,1
DA:3,1
DA:4,1
DA:5,1
DA:6,1
DA:7,1
DA:8,1
DA:9,1
DA:10,1
DA:11,1
DA:12,1
DA:13,1
DA:14,1
DA:15,0
DA:16,0
DA:17,1
DA:18,1
DA:19,1
DA:20,1
DA:21,1
DA:22,1
DA:23,1
DA:24,3
DA:25,3
DA:26,1
DA:27,1
DA:28,1
DA:29,1
DA:30,1
DA:31,1
DA:32,1
DA:33,0
DA:34,0
DA:35,1
DA:36,1
DA:37,1
DA:38,1
DA:39,1
LF:39
LH:35
BRDA:7,0,0,1
BRDA:11,1,0,1
BRDA:14,2,0,0
BRDA:23,3,0,3
BRDA:27,4,0,1
BRDA:28,5,0,3
BRDA:31,6,0,1
BRDA:32,7,0,0
BRDA:32,8,0,0
BRF:9
BRH:6
end_of_record
TN:
SF:src/domain/entities/product.ts
FN:6,Product
FN:10,build
FNF:2
FNH:2
FNDA:3,Product
FNDA:3,build
DA:1,1
DA:2,1
DA:3,1
DA:4,1
DA:5,1
DA:6,1
DA:7,3
DA:8,1
DA:9,1
DA:10,1
DA:11,3
DA:12,3
DA:13,3
DA:14,3
DA:15,1
LF:15
LH:15
BRDA:6,0,0,3
BRDA:10,1,0,3
BRDA:11,2,0,0
BRF:3
BRH:2
end_of_record
