TN:
SF:src/domain/common/helpers/unique-id-generator.ts
FN:5,uniqueEntityIdGenerator
FNF:1
FNH:1
FNDA:2,uniqueEntityIdGenerator
DA:1,1
DA:2,1
DA:3,1
DA:4,1
DA:5,1
DA:6,2
DA:7,2
LF:7
LH:7
BRDA:5,0,0,2
BRF:1
BRH:1
end_of_record
TN:
SF:src/domain/entities/entity.ts
FN:8,Entity
FN:13,get id
FN:17,set id
FN:21,get value
FN:25,set value
FN:29,tostring
FNF:6
FNH:2
FNDA:8,Entity
FNDA:0,get id
FNDA:0,set id
FNDA:19,get value
FNDA:0,set value
FNDA:0,tostring
DA:1,1
DA:2,1
DA:3,1
DA:4,1
DA:5,1
DA:6,1
DA:7,1
DA:8,1
DA:9,8
DA:10,8
DA:11,8
DA:12,1
DA:13,1
DA:14,0
DA:15,0
DA:16,1
DA:17,1
DA:18,0
DA:19,0
DA:20,1
DA:21,1
DA:22,19
DA:23,19
DA:24,1
DA:25,1
DA:26,0
DA:27,0
DA:28,1
DA:29,1
DA:30,0
DA:31,0
DA:32,1
LF:32
LH:24
BRDA:8,0,0,8
BRDA:21,1,0,19
BRF:2
BRH:2
end_of_record
TN:
SF:src/domain/entities/order.ts
FN:7,Order
FN:11,build
FN:23,addProduct
FN:27,calculateTotal
FN:40,validate
FNF:5
FNH:5
FNDA:2,Order
FNDA:2,build
FNDA:6,addProduct
FNDA:2,calculateTotal
FNDA:2,validate
DA:1,1
DA:2,1
DA:3,1
DA:4,1
DA:5,1
DA:6,1
DA:7,1
DA:8,2
DA:9,1
DA:10,1
DA:11,1
DA:12,2
DA:13,2
DA:14,2
DA:15,0
DA:16,0
DA:17,2
DA:18,2
DA:19,2
DA:20,2
DA:21,2
DA:22,1
DA:23,1
DA:24,6
DA:25,6
DA:26,1
DA:27,1
DA:28,2
DA:29,6
DA:30,6
DA:31,2
DA:32,2
DA:33,2
DA:34,1
DA:35,1
DA:36,1
DA:37,1
DA:38,1
DA:39,1
DA:40,1
DA:41,2
DA:42,0
DA:43,0
DA:44,2
DA:45,2
DA:46,2
DA:47,1
DA:48,1
LF:48
LH:44
BRDA:7,0,0,2
BRDA:11,1,0,2
BRDA:14,2,0,0
BRDA:23,3,0,6
BRDA:27,4,0,2
BRDA:33,5,0,1
BRDA:28,6,0,6
BRDA:40,7,0,2
BRDA:41,8,0,1
BRDA:41,9,0,0
BRF:10
BRH:8
end_of_record
TN:
SF:src/domain/entities/product.ts
FN:6,Product
FN:10,build
FNF:2
FNH:2
FNDA:6,Product
FNDA:6,build
DA:1,1
DA:2,1
DA:3,1
DA:4,1
DA:5,1
DA:6,1
DA:7,6
DA:8,1
DA:9,1
DA:10,1
DA:11,6
DA:12,6
DA:13,6
DA:14,6
DA:15,1
LF:15
LH:15
BRDA:6,0,0,6
BRDA:10,1,0,6
BRDA:11,2,0,0
BRF:3
BRH:2
end_of_record
